<?xml version="1.0" encoding="UTF-8"?>
<coverage generated="1520160587163" clover="3.2.0">
  <project timestamp="1520160587163" name="All files">
    <metrics statements="21" coveredstatements="21" conditionals="2" coveredconditionals="2" methods="4" coveredmethods="4" elements="27" coveredelements="27" complexity="0" loc="21" ncloc="21" packages="1" files="1" classes="1">
      <file name="index.js" path="/Users/guy/oss_projects/dependensee/index.js">
        <metrics statements="21" coveredstatements="21" conditionals="2" coveredconditionals="2" methods="4" coveredmethods="4"/>
        <line num="1" count="1" type="stmt"/>
        <line num="2" count="1" type="stmt"/>
        <line num="4" count="1" type="stmt"/>
        <line num="6" count="1" type="stmt"/>
        <line num="7" count="4" type="stmt"/>
        <line num="10" count="1" type="stmt"/>
        <line num="11" count="4" type="stmt"/>
        <line num="15" count="4" type="cond" truecount="2" falsecount="0"/>
        <line num="17" count="4" type="stmt"/>
        <line num="20" count="2" type="stmt"/>
        <line num="21" count="2" type="stmt"/>
        <line num="22" count="2" type="stmt"/>
        <line num="23" count="2" type="stmt"/>
        <line num="24" count="2" type="stmt"/>
        <line num="29" count="4" type="stmt"/>
        <line num="32" count="1" type="stmt"/>
        <line num="33" count="2" type="stmt"/>
        <line num="34" count="2" type="stmt"/>
        <line num="35" count="2" type="stmt"/>
        <line num="36" count="2" type="stmt"/>
        <line num="39" count="1" type="stmt"/>
      </file>
    </metrics>
  </project>
</coverage>
