{"/Users/guy/oss_projects/dependensee/index.js": {"path":"/Users/guy/oss_projects/dependensee/index.js","statementMap":{"0":{"start":{"line":1,"column":16},"end":{"line":1,"column":35}},"1":{"start":{"line":2,"column":16},"end":{"line":2,"column":42}},"2":{"start":{"line":4,"column":13},"end":{"line":4,"column":41}},"3":{"start":{"line":6,"column":19},"end":{"line":8,"column":1}},"4":{"start":{"line":7,"column":2},"end":{"line":7,"column":46}},"5":{"start":{"line":10,"column":20},"end":{"line":30,"column":1}},"6":{"start":{"line":11,"column":19},"end":{"line":14,"column":4}},"7":{"start":{"line":15,"column":23},"end":{"line":15,"column":50}},"8":{"start":{"line":17,"column":15},"end":{"line":27,"column":3}},"9":{"start":{"line":20,"column":16},"end":{"line":20,"column":18}},"10":{"start":{"line":21,"column":6},"end":{"line":21,"column":17}},"11":{"start":{"line":22,"column":6},"end":{"line":22,"column":40}},"12":{"start":{"line":23,"column":6},"end":{"line":23,"column":69}},"13":{"start":{"line":24,"column":6},"end":{"line":24,"column":14}},"14":{"start":{"line":29,"column":2},"end":{"line":29,"column":35}},"15":{"start":{"line":32,"column":20},"end":{"line":37,"column":1}},"16":{"start":{"line":33,"column":15},"end":{"line":33,"column":17}},"17":{"start":{"line":34,"column":15},"end":{"line":34,"column":56}},"18":{"start":{"line":35,"column":2},"end":{"line":35,"column":64}},"19":{"start":{"line":36,"column":2},"end":{"line":36,"column":13}},"20":{"start":{"line":39,"column":0},"end":{"line":39,"column":28}}},"fnMap":{"0":{"name":"(anonymous_0)","decl":{"start":{"line":6,"column":19},"end":{"line":6,"column":20}},"loc":{"start":{"line":6,"column":47},"end":{"line":8,"column":1}},"line":6},"1":{"name":"(anonymous_1)","decl":{"start":{"line":10,"column":20},"end":{"line":10,"column":21}},"loc":{"start":{"line":10,"column":54},"end":{"line":30,"column":1}},"line":10},"2":{"name":"(anonymous_2)","decl":{"start":{"line":19,"column":4},"end":{"line":19,"column":5}},"loc":{"start":{"line":19,"column":17},"end":{"line":25,"column":5}},"line":19},"3":{"name":"(anonymous_3)","decl":{"start":{"line":32,"column":20},"end":{"line":32,"column":21}},"loc":{"start":{"line":32,"column":54},"end":{"line":37,"column":1}},"line":32}},"branchMap":{"0":{"loc":{"start":{"line":15,"column":23},"end":{"line":15,"column":50}},"type":"binary-expr","locations":[{"start":{"line":15,"column":23},"end":{"line":15,"column":44}},{"start":{"line":15,"column":48},"end":{"line":15,"column":50}}],"line":15}},"s":{"0":1,"1":1,"2":1,"3":1,"4":4,"5":1,"6":4,"7":4,"8":4,"9":2,"10":2,"11":2,"12":2,"13":2,"14":4,"15":1,"16":2,"17":2,"18":2,"19":2,"20":1},"f":{"0":4,"1":4,"2":2,"3":2},"b":{"0":[4,3]},"_coverageSchema":"332fd63041d2c1bcb487cc26dd0d5f7d97098a6c","hash":"b233c3e8782e36a953f8e7d194b1df2ef2f7ab2c"}
}
